2025-05-18 23:51:30,296 — INFO — Anomaly and aggregator threads started
2025-05-18 23:51:30,298 — INFO — Main server listening on 0.0.0.0:5000
2025-05-18 23:51:33,148 — INFO — Connection established from ('127.0.0.1', 65153)
2025-05-18 23:51:33,149 — INFO — Enqueued reading from drone_9150_s644f
2025-05-18 23:51:33,322 — INFO — Connection established from ('127.0.0.1', 65154)
2025-05-18 23:51:33,322 — INFO — Enqueued reading from drone_9150_s9bd8
2025-05-18 23:51:33,470 — INFO — Connection established from ('127.0.0.1', 65155)
2025-05-18 23:51:33,481 — INFO — Enqueued reading from drone_9150_sef6d
2025-05-18 23:51:33,697 — INFO — Connection established from ('127.0.0.1', 65156)
2025-05-18 23:51:33,708 — INFO — Enqueued reading from drone_9150_sc92f
2025-05-18 23:51:35,150 — INFO — Enqueued reading from drone_9150_s644f
2025-05-18 23:51:35,323 — INFO — Enqueued reading from drone_9150_s9bd8
2025-05-18 23:51:35,482 — INFO — Enqueued reading from drone_9150_sef6d
2025-05-18 23:51:35,708 — INFO — Enqueued reading from drone_9150_sc92f
2025-05-18 23:51:37,151 — INFO — Enqueued reading from drone_9150_s644f
2025-05-18 23:51:37,325 — INFO — Enqueued reading from drone_9150_s9bd8
2025-05-18 23:51:37,484 — INFO — Enqueued reading from drone_9150_sef6d
2025-05-18 23:51:37,709 — INFO — Enqueued reading from drone_9150_sc92f
2025-05-18 23:51:39,152 — INFO — Enqueued reading from drone_9150_s644f
2025-05-18 23:51:39,326 — INFO — Enqueued reading from drone_9150_s9bd8
2025-05-18 23:51:39,485 — INFO — Enqueued reading from drone_9150_sef6d
2025-05-18 23:51:39,710 — INFO — Enqueued reading from drone_9150_sc92f
2025-05-18 23:51:41,153 — INFO — Enqueued reading from drone_9150_s644f
2025-05-18 23:51:41,326 — INFO — Enqueued reading from drone_9150_s9bd8
2025-05-18 23:51:41,486 — INFO — Enqueued reading from drone_9150_sef6d
2025-05-18 23:51:41,710 — INFO — Enqueued reading from drone_9150_sc92f
2025-05-18 23:51:43,154 — INFO — Enqueued reading from drone_9150_s644f
2025-05-18 23:51:43,327 — INFO — Enqueued reading from drone_9150_s9bd8
2025-05-18 23:51:43,487 — INFO — Enqueued reading from drone_9150_sef6d
2025-05-18 23:51:43,711 — INFO — Enqueued reading from drone_9150_sc92f
2025-05-18 23:51:45,154 — INFO — Enqueued reading from drone_9150_s644f
2025-05-18 23:51:45,327 — INFO — Enqueued reading from drone_9150_s9bd8
2025-05-18 23:51:45,487 — INFO — Enqueued reading from drone_9150_sef6d
2025-05-18 23:51:45,712 — INFO — Enqueued reading from drone_9150_sc92f
2025-05-18 23:51:47,155 — INFO — Enqueued reading from drone_9150_s644f
2025-05-18 23:51:47,328 — INFO — Enqueued reading from drone_9150_s9bd8
2025-05-18 23:51:47,488 — INFO — Enqueued reading from drone_9150_sef6d
2025-05-18 23:51:47,713 — INFO — Enqueued reading from drone_9150_sc92f
2025-05-18 23:51:49,156 — INFO — Enqueued reading from drone_9150_s644f
2025-05-18 23:51:49,329 — INFO — Enqueued reading from drone_9150_s9bd8
2025-05-18 23:51:49,489 — INFO — Enqueued reading from drone_9150_sef6d
2025-05-18 23:51:49,714 — INFO — Enqueued reading from drone_9150_sc92f
2025-05-18 23:51:51,157 — INFO — Enqueued reading from drone_9150_s644f
2025-05-18 23:51:51,330 — INFO — Enqueued reading from drone_9150_s9bd8
2025-05-18 23:51:51,490 — INFO — Enqueued reading from drone_9150_sef6d
2025-05-18 23:51:51,715 — INFO — Enqueued reading from drone_9150_sc92f
2025-05-18 23:51:53,158 — INFO — Enqueued reading from drone_9150_s644f
2025-05-18 23:51:53,331 — INFO — Enqueued reading from drone_9150_s9bd8
2025-05-18 23:51:53,491 — INFO — Enqueued reading from drone_9150_sef6d
2025-05-18 23:51:53,716 — INFO — Enqueued reading from drone_9150_sc92f
2025-05-18 23:51:55,159 — INFO — Enqueued reading from drone_9150_s644f
2025-05-18 23:51:55,332 — INFO — Enqueued reading from drone_9150_s9bd8
2025-05-18 23:51:55,492 — INFO — Enqueued reading from drone_9150_sef6d
2025-05-18 23:51:55,716 — INFO — Enqueued reading from drone_9150_sc92f
2025-05-18 23:51:57,160 — INFO — Enqueued reading from drone_9150_s644f
2025-05-18 23:51:57,332 — INFO — Enqueued reading from drone_9150_s9bd8
2025-05-18 23:51:57,493 — INFO — Enqueued reading from drone_9150_sef6d
2025-05-18 23:51:57,717 — INFO — Enqueued reading from drone_9150_sc92f
2025-05-18 23:51:59,161 — INFO — Enqueued reading from drone_9150_s644f
2025-05-18 23:51:59,334 — INFO — Enqueued reading from drone_9150_s9bd8
2025-05-18 23:51:59,493 — INFO — Enqueued reading from drone_9150_sef6d
2025-05-18 23:51:59,718 — INFO — Enqueued reading from drone_9150_sc92f
2025-05-18 23:52:01,162 — INFO — Enqueued reading from drone_9150_s644f
2025-05-18 23:52:01,334 — INFO — Enqueued reading from drone_9150_s9bd8
2025-05-18 23:52:01,494 — INFO — Enqueued reading from drone_9150_sef6d
2025-05-18 23:52:01,719 — INFO — Enqueued reading from drone_9150_sc92f
2025-05-18 23:52:03,162 — INFO — Enqueued reading from drone_9150_s644f
2025-05-18 23:52:03,335 — INFO — Enqueued reading from drone_9150_s9bd8
2025-05-18 23:52:03,496 — INFO — Enqueued reading from drone_9150_sef6d
2025-05-18 23:52:03,720 — INFO — Enqueued reading from drone_9150_sc92f
2025-05-18 23:52:05,163 — INFO — Enqueued reading from drone_9150_s644f
2025-05-18 23:52:05,336 — INFO — Enqueued reading from drone_9150_s9bd8
2025-05-18 23:52:05,496 — INFO — Enqueued reading from drone_9150_sef6d
2025-05-18 23:52:05,721 — INFO — Enqueued reading from drone_9150_sc92f
2025-05-18 23:52:07,164 — INFO — Enqueued reading from drone_9150_s644f
2025-05-18 23:52:07,336 — INFO — Enqueued reading from drone_9150_s9bd8
2025-05-18 23:52:07,498 — INFO — Enqueued reading from drone_9150_sef6d
2025-05-18 23:52:07,722 — INFO — Enqueued reading from drone_9150_sc92f
2025-05-18 23:52:09,164 — INFO — Enqueued reading from drone_9150_s644f
2025-05-18 23:52:09,337 — INFO — Enqueued reading from drone_9150_s9bd8
2025-05-18 23:52:09,499 — INFO — Enqueued reading from drone_9150_sef6d
2025-05-18 23:52:09,722 — INFO — Enqueued reading from drone_9150_sc92f
2025-05-18 23:52:11,165 — INFO — Enqueued reading from drone_9150_s644f
2025-05-18 23:52:11,338 — INFO — Enqueued reading from drone_9150_s9bd8
2025-05-18 23:52:11,501 — INFO — Enqueued reading from drone_9150_sef6d
2025-05-18 23:52:11,723 — INFO — Enqueued reading from drone_9150_sc92f
2025-05-18 23:52:13,166 — INFO — Enqueued reading from drone_9150_s644f
2025-05-18 23:52:13,339 — INFO — Enqueued reading from drone_9150_s9bd8
2025-05-18 23:52:13,502 — INFO — Enqueued reading from drone_9150_sef6d
2025-05-18 23:52:13,724 — INFO — Enqueued reading from drone_9150_sc92f
2025-05-18 23:52:15,167 — INFO — Enqueued reading from drone_9150_s644f
2025-05-18 23:52:15,340 — INFO — Enqueued reading from drone_9150_s9bd8
2025-05-18 23:52:15,503 — INFO — Enqueued reading from drone_9150_sef6d
2025-05-18 23:52:15,725 — INFO — Enqueued reading from drone_9150_sc92f
2025-05-18 23:52:17,168 — INFO — Enqueued reading from drone_9150_s644f
2025-05-18 23:52:17,341 — INFO — Enqueued reading from drone_9150_s9bd8
2025-05-18 23:52:17,503 — INFO — Enqueued reading from drone_9150_sef6d
2025-05-18 23:52:17,726 — INFO — Enqueued reading from drone_9150_sc92f
2025-05-18 23:52:19,168 — INFO — Enqueued reading from drone_9150_s644f
2025-05-18 23:52:19,342 — INFO — Enqueued reading from drone_9150_s9bd8
2025-05-18 23:52:19,504 — INFO — Enqueued reading from drone_9150_sef6d
2025-05-18 23:52:19,726 — INFO — Enqueued reading from drone_9150_sc92f
2025-05-18 23:52:21,169 — INFO — Enqueued reading from drone_9150_s644f
2025-05-18 23:52:21,342 — INFO — Enqueued reading from drone_9150_s9bd8
2025-05-18 23:52:21,504 — INFO — Enqueued reading from drone_9150_sef6d
2025-05-18 23:52:21,727 — INFO — Enqueued reading from drone_9150_sc92f
2025-05-18 23:52:23,170 — INFO — Enqueued reading from drone_9150_s644f
2025-05-18 23:52:23,343 — INFO — Enqueued reading from drone_9150_s9bd8
2025-05-18 23:52:23,506 — INFO — Enqueued reading from drone_9150_sef6d
2025-05-18 23:52:23,728 — INFO — Enqueued reading from drone_9150_sc92f
2025-05-18 23:52:25,170 — INFO — Enqueued reading from drone_9150_s644f
2025-05-18 23:52:25,344 — INFO — Enqueued reading from drone_9150_s9bd8
2025-05-18 23:52:25,506 — INFO — Enqueued reading from drone_9150_sef6d
2025-05-18 23:52:25,728 — INFO — Enqueued reading from drone_9150_sc92f
2025-05-18 23:52:27,171 — INFO — Enqueued reading from drone_9150_s644f
2025-05-18 23:52:27,344 — INFO — Enqueued reading from drone_9150_s9bd8
2025-05-18 23:52:27,507 — INFO — Enqueued reading from drone_9150_sef6d
2025-05-18 23:52:27,729 — INFO — Enqueued reading from drone_9150_sc92f
2025-05-18 23:52:29,172 — INFO — Enqueued reading from drone_9150_s644f
2025-05-18 23:52:29,345 — INFO — Enqueued reading from drone_9150_s9bd8
2025-05-18 23:52:29,507 — INFO — Enqueued reading from drone_9150_sef6d
2025-05-18 23:52:29,730 — INFO — Enqueued reading from drone_9150_sc92f
2025-05-18 23:52:31,172 — INFO — Enqueued reading from drone_9150_s644f
2025-05-18 23:52:31,345 — INFO — Enqueued reading from drone_9150_s9bd8
2025-05-18 23:52:31,508 — INFO — Enqueued reading from drone_9150_sef6d
2025-05-18 23:52:31,731 — INFO — Enqueued reading from drone_9150_sc92f
2025-05-18 23:52:33,173 — INFO — Enqueued reading from drone_9150_s644f
2025-05-18 23:52:33,346 — INFO — Enqueued reading from drone_9150_s9bd8
2025-05-18 23:52:33,509 — INFO — Enqueued reading from drone_9150_sef6d
2025-05-18 23:52:33,732 — INFO — Enqueued reading from drone_9150_sc92f
2025-05-18 23:52:35,174 — INFO — Enqueued reading from drone_9150_s644f
2025-05-18 23:52:35,347 — INFO — Enqueued reading from drone_9150_s9bd8
2025-05-18 23:52:35,510 — INFO — Enqueued reading from drone_9150_sef6d
2025-05-18 23:52:35,733 — INFO — Enqueued reading from drone_9150_sc92f
2025-05-18 23:52:37,174 — INFO — Enqueued reading from drone_9150_s644f
2025-05-18 23:52:37,347 — INFO — Enqueued reading from drone_9150_s9bd8
2025-05-18 23:52:37,511 — INFO — Enqueued reading from drone_9150_sef6d
2025-05-18 23:52:37,734 — INFO — Enqueued reading from drone_9150_sc92f
2025-05-18 23:52:39,175 — INFO — Enqueued reading from drone_9150_s644f
2025-05-18 23:52:39,348 — INFO — Enqueued reading from drone_9150_s9bd8
2025-05-18 23:52:39,511 — INFO — Enqueued reading from drone_9150_sef6d
2025-05-18 23:52:39,734 — INFO — Enqueued reading from drone_9150_sc92f
2025-05-18 23:52:41,176 — INFO — Enqueued reading from drone_9150_s644f
2025-05-18 23:52:41,348 — INFO — Enqueued reading from drone_9150_s9bd8
2025-05-18 23:52:41,512 — INFO — Enqueued reading from drone_9150_sef6d
2025-05-18 23:52:41,735 — INFO — Enqueued reading from drone_9150_sc92f
2025-05-18 23:52:43,177 — INFO — Enqueued reading from drone_9150_s644f
2025-05-18 23:52:43,349 — INFO — Enqueued reading from drone_9150_s9bd8
2025-05-18 23:52:43,513 — INFO — Enqueued reading from drone_9150_sef6d
2025-05-18 23:52:43,736 — INFO — Enqueued reading from drone_9150_sc92f
2025-05-18 23:52:45,177 — INFO — Enqueued reading from drone_9150_s644f
2025-05-18 23:52:45,350 — INFO — Enqueued reading from drone_9150_s9bd8
2025-05-18 23:52:45,514 — INFO — Enqueued reading from drone_9150_sef6d
2025-05-18 23:52:45,737 — INFO — Enqueued reading from drone_9150_sc92f
2025-05-18 23:52:47,179 — INFO — Enqueued reading from drone_9150_s644f
2025-05-18 23:52:47,351 — INFO — Enqueued reading from drone_9150_s9bd8
2025-05-18 23:52:47,514 — INFO — Enqueued reading from drone_9150_sef6d
2025-05-18 23:52:47,738 — INFO — Enqueued reading from drone_9150_sc92f
2025-05-18 23:52:49,179 — INFO — Enqueued reading from drone_9150_s644f
2025-05-18 23:52:49,351 — INFO — Enqueued reading from drone_9150_s9bd8
2025-05-18 23:52:49,516 — INFO — Enqueued reading from drone_9150_sef6d
2025-05-18 23:52:49,739 — INFO — Enqueued reading from drone_9150_sc92f
2025-05-18 23:52:51,180 — INFO — Enqueued reading from drone_9150_s644f
2025-05-18 23:52:51,352 — INFO — Enqueued reading from drone_9150_s9bd8
2025-05-18 23:52:51,516 — INFO — Enqueued reading from drone_9150_sef6d
2025-05-18 23:52:51,740 — INFO — Enqueued reading from drone_9150_sc92f
2025-05-18 23:52:53,181 — INFO — Enqueued reading from drone_9150_s644f
2025-05-18 23:52:53,353 — INFO — Enqueued reading from drone_9150_s9bd8
2025-05-18 23:52:53,517 — INFO — Enqueued reading from drone_9150_sef6d
2025-05-18 23:52:53,740 — INFO — Enqueued reading from drone_9150_sc92f
2025-05-18 23:52:55,182 — INFO — Enqueued reading from drone_9150_s644f
2025-05-18 23:52:55,353 — INFO — Enqueued reading from drone_9150_s9bd8
2025-05-18 23:52:55,518 — INFO — Enqueued reading from drone_9150_sef6d
2025-05-18 23:52:55,741 — INFO — Enqueued reading from drone_9150_sc92f
2025-05-18 23:52:57,183 — INFO — Enqueued reading from drone_9150_s644f
2025-05-18 23:52:57,354 — INFO — Enqueued reading from drone_9150_s9bd8
2025-05-18 23:52:57,519 — INFO — Enqueued reading from drone_9150_sef6d
2025-05-18 23:52:57,742 — INFO — Enqueued reading from drone_9150_sc92f
2025-05-18 23:52:58,395 — WARNING — Connection lost from ('127.0.0.1', 65156): [WinError 10054] Varolan bir bağlantı uzaktaki bir ana bilgisayar tarafından zorla kapatıldı
2025-05-18 23:52:58,396 — INFO — Connection closed from ('127.0.0.1', 65156)
2025-05-18 23:52:58,402 — WARNING — Connection lost from ('127.0.0.1', 65155): [WinError 10054] Varolan bir bağlantı uzaktaki bir ana bilgisayar tarafından zorla kapatıldı
2025-05-18 23:52:58,402 — INFO — Connection closed from ('127.0.0.1', 65155)
2025-05-18 23:52:58,407 — WARNING — Connection lost from ('127.0.0.1', 65154): [WinError 10054] Varolan bir bağlantı uzaktaki bir ana bilgisayar tarafından zorla kapatıldı
2025-05-18 23:52:58,407 — INFO — Connection closed from ('127.0.0.1', 65154)
2025-05-18 23:52:58,414 — WARNING — Connection lost from ('127.0.0.1', 65153): [WinError 10054] Varolan bir bağlantı uzaktaki bir ana bilgisayar tarafından zorla kapatıldı
2025-05-18 23:52:58,414 — INFO — Connection closed from ('127.0.0.1', 65153)
2025-05-23 13:09:29,407 — INFO — Anomaly and aggregator threads started
2025-05-23 13:09:29,408 — INFO — Main server listening on 0.0.0.0:5000
2025-05-23 13:13:44,728 — INFO — Anomaly and aggregator threads started
2025-05-23 13:13:44,729 — INFO — Main server listening on 0.0.0.0:5000
2025-05-23 13:13:57,684 — INFO — Connection established from ('127.0.0.1', 56847)
2025-05-23 13:13:57,709 — INFO — Enqueued reading from drone_46b4_s91d8
2025-05-23 13:13:57,818 — INFO — Connection established from ('127.0.0.1', 56848)
2025-05-23 13:13:57,832 — INFO — Enqueued reading from drone_46b4_s548c
2025-05-23 13:13:59,710 — INFO — Enqueued reading from drone_46b4_s91d8
2025-05-23 13:13:59,834 — INFO — Enqueued reading from drone_46b4_s548c
2025-05-23 13:14:01,712 — INFO — Enqueued reading from drone_46b4_s91d8
2025-05-23 13:14:01,834 — INFO — Enqueued reading from drone_46b4_s548c
2025-05-23 13:14:03,713 — INFO — Enqueued reading from drone_46b4_s91d8
2025-05-23 13:14:03,835 — INFO — Enqueued reading from drone_46b4_s548c
2025-05-23 13:14:05,714 — INFO — Enqueued reading from drone_46b4_s91d8
2025-05-23 13:14:05,836 — INFO — Enqueued reading from drone_46b4_s548c
2025-05-23 13:14:07,717 — INFO — Enqueued reading from drone_46b4_s91d8
2025-05-23 13:14:07,837 — INFO — Enqueued reading from drone_46b4_s548c
2025-05-23 13:14:09,718 — INFO — Enqueued reading from drone_46b4_s91d8
2025-05-23 13:14:09,839 — INFO — Enqueued reading from drone_46b4_s548c
2025-05-23 13:14:11,719 — INFO — Enqueued reading from drone_46b4_s91d8
2025-05-23 13:14:11,839 — INFO — Enqueued reading from drone_46b4_s548c
2025-05-23 13:14:13,720 — INFO — Enqueued reading from drone_46b4_s91d8
2025-05-23 13:14:13,840 — INFO — Enqueued reading from drone_46b4_s548c
2025-05-23 13:14:15,722 — INFO — Enqueued reading from drone_46b4_s91d8
2025-05-23 13:14:15,841 — INFO — Enqueued reading from drone_46b4_s548c
2025-05-23 13:14:17,723 — INFO — Enqueued reading from drone_46b4_s91d8
2025-05-23 13:14:17,842 — INFO — Enqueued reading from drone_46b4_s548c
2025-05-23 13:14:19,725 — INFO — Enqueued reading from drone_46b4_s91d8
2025-05-23 13:14:19,843 — INFO — Enqueued reading from drone_46b4_s548c
2025-05-23 13:14:21,726 — INFO — Enqueued reading from drone_46b4_s91d8
2025-05-23 13:14:21,844 — INFO — Enqueued reading from drone_46b4_s548c
2025-05-23 13:14:23,727 — INFO — Enqueued reading from drone_46b4_s91d8
2025-05-23 13:14:23,846 — INFO — Enqueued reading from drone_46b4_s548c
2025-05-23 13:14:25,735 — INFO — Enqueued reading from drone_46b4_s91d8
2025-05-23 13:14:25,846 — INFO — Enqueued reading from drone_46b4_s548c
2025-05-23 13:14:27,735 — INFO — Enqueued reading from drone_46b4_s91d8
2025-05-23 13:14:27,847 — INFO — Enqueued reading from drone_46b4_s548c
